<?xml version="1.0" encoding="UTF-8"?><testrun name="test" project="AutomaticRefiller" tests="28" started="28" failures="2" errors="0" ignored="0">
  <testsuite name="com.visionarysoftwaresolutions.ordering.OrderTests" time="0.052">
    <testcase name="testAddToOrderSingleBottleType" classname="com.visionarysoftwaresolutions.ordering.OrderTests" time="0.001"/>
    <testcase name="testAddtoOrderMultipleBottleType" classname="com.visionarysoftwaresolutions.ordering.OrderTests" time="0.0"/>
    <testcase name="testAddtoOrderMultipleBottlesOfSameType" classname="com.visionarysoftwaresolutions.ordering.OrderTests" time="0.051"/>
  </testsuite>
  <testsuite name="com.visionarysoftwaresolutions.refillable.CoolerTests" time="0.092">
    <testcase name="testSetupCoolerInitialState" classname="com.visionarysoftwaresolutions.refillable.CoolerTests" time="0.02"/>
    <testcase name="testAddSingleBottle" classname="com.visionarysoftwaresolutions.refillable.CoolerTests" time="0.002"/>
    <testcase name="testAddMultipleBottlesToCooler" classname="com.visionarysoftwaresolutions.refillable.CoolerTests" time="0.002"/>
    <testcase name="testRemoveBottleFromCoolerByBeverage" classname="com.visionarysoftwaresolutions.refillable.CoolerTests" time="0.001"/>
    <testcase name="testRemoveBottlesFromCoolerByBeverage" classname="com.visionarysoftwaresolutions.refillable.CoolerTests" time="0.032">
      <failure>java.lang.AssertionError: expected:&lt;10&gt; but was:&lt;15&gt;
	at org.junit.Assert.fail(Assert.java:91)
	at org.junit.Assert.failNotEquals(Assert.java:645)
	at org.junit.Assert.assertEquals(Assert.java:126)
	at org.junit.Assert.assertEquals(Assert.java:470)
	at org.junit.Assert.assertEquals(Assert.java:454)
	at com.visionarysoftwaresolutions.refillable.CoolerTests.testRemoveBottlesFromCoolerByBeverage(CoolerTests.java:73)
	at sun.reflect.NativeMethodAccessorImpl.invoke0(Native Method)
	at sun.reflect.NativeMethodAccessorImpl.invoke(NativeMethodAccessorImpl.java:57)
	at sun.reflect.DelegatingMethodAccessorImpl.invoke(DelegatingMethodAccessorImpl.java:43)
	at java.lang.reflect.Method.invoke(Method.java:601)
	at org.junit.runners.model.FrameworkMethod$1.runReflectiveCall(FrameworkMethod.java:44)
	at org.junit.internal.runners.model.ReflectiveCallable.run(ReflectiveCallable.java:15)
	at org.junit.runners.model.FrameworkMethod.invokeExplosively(FrameworkMethod.java:41)
	at org.junit.internal.runners.statements.InvokeMethod.evaluate(InvokeMethod.java:20)
	at org.junit.internal.runners.statements.RunBefores.evaluate(RunBefores.java:28)
	at org.junit.runners.BlockJUnit4ClassRunner.runNotIgnored(BlockJUnit4ClassRunner.java:79)
	at org.junit.runners.BlockJUnit4ClassRunner.runChild(BlockJUnit4ClassRunner.java:71)
	at org.junit.runners.BlockJUnit4ClassRunner.runChild(BlockJUnit4ClassRunner.java:49)
	at org.junit.runners.ParentRunner$3.run(ParentRunner.java:193)
	at org.junit.runners.ParentRunner$1.schedule(ParentRunner.java:52)
	at org.junit.runners.ParentRunner.runChildren(ParentRunner.java:191)
	at org.junit.runners.ParentRunner.access$000(ParentRunner.java:42)
	at org.junit.runners.ParentRunner$2.evaluate(ParentRunner.java:184)
	at org.junit.runners.ParentRunner.run(ParentRunner.java:236)
	at org.eclipse.jdt.internal.junit4.runner.JUnit4TestReference.run(JUnit4TestReference.java:50)
	at org.eclipse.jdt.internal.junit.runner.TestExecution.run(TestExecution.java:38)
	at org.eclipse.jdt.internal.junit.runner.RemoteTestRunner.runTests(RemoteTestRunner.java:467)
	at org.eclipse.jdt.internal.junit.runner.RemoteTestRunner.runTests(RemoteTestRunner.java:683)
	at org.eclipse.jdt.internal.junit.runner.RemoteTestRunner.run(RemoteTestRunner.java:390)
	at org.eclipse.jdt.internal.junit.runner.RemoteTestRunner.main(RemoteTestRunner.java:197)

</failure>
    </testcase>
    <testcase name="testGetTotalBottleCount" classname="com.visionarysoftwaresolutions.refillable.CoolerTests" time="0.001"/>
    <testcase name="testGetBottlesCountByBeverage" classname="com.visionarysoftwaresolutions.refillable.CoolerTests" time="0.001"/>
    <testcase name="testGetCapacity" classname="com.visionarysoftwaresolutions.refillable.CoolerTests" time="0.002"/>
    <testcase name="testSetCustomCapacity" classname="com.visionarysoftwaresolutions.refillable.CoolerTests" time="0.001"/>
    <testcase name="testGetPercentFull" classname="com.visionarysoftwaresolutions.refillable.CoolerTests" time="0.001"/>
    <testcase name="testSetGetBeveragePriceByType" classname="com.visionarysoftwaresolutions.refillable.CoolerTests" time="0.001"/>
    <testcase name="testGetTotalStockValue" classname="com.visionarysoftwaresolutions.refillable.CoolerTests" time="0.001"/>
    <testcase name="testGetStockValueByBeverage" classname="com.visionarysoftwaresolutions.refillable.CoolerTests" time="0.001"/>
    <testcase name="testCreateEditOrdersFromCooler" classname="com.visionarysoftwaresolutions.refillable.CoolerTests" time="0.001"/>
    <testcase name="testPlaceOrdersFromCooler" classname="com.visionarysoftwaresolutions.refillable.CoolerTests" time="0.001"/>
    <testcase name="testOverCapacityOrderVeto" classname="com.visionarysoftwaresolutions.refillable.CoolerTests" time="0.009"/>
    <testcase name="testSetGetDesiredMinimumStockForBeverage" classname="com.visionarysoftwaresolutions.refillable.CoolerTests" time="0.001"/>
    <testcase name="testReorderCheck" classname="com.visionarysoftwaresolutions.refillable.CoolerTests" time="0.002"/>
    <testcase name="testAutomaticReorderCreation" classname="com.visionarysoftwaresolutions.refillable.CoolerTests" time="0.01">
      <failure>java.lang.AssertionError: expected:&lt;18&gt; but was:&lt;0&gt;
	at org.junit.Assert.fail(Assert.java:91)
	at org.junit.Assert.failNotEquals(Assert.java:645)
	at org.junit.Assert.assertEquals(Assert.java:126)
	at org.junit.Assert.assertEquals(Assert.java:470)
	at org.junit.Assert.assertEquals(Assert.java:454)
	at com.visionarysoftwaresolutions.refillable.CoolerTests.testAutomaticReorderCreation(CoolerTests.java:272)
	at sun.reflect.NativeMethodAccessorImpl.invoke0(Native Method)
	at sun.reflect.NativeMethodAccessorImpl.invoke(NativeMethodAccessorImpl.java:57)
	at sun.reflect.DelegatingMethodAccessorImpl.invoke(DelegatingMethodAccessorImpl.java:43)
	at java.lang.reflect.Method.invoke(Method.java:601)
	at org.junit.runners.model.FrameworkMethod$1.runReflectiveCall(FrameworkMethod.java:44)
	at org.junit.internal.runners.model.ReflectiveCallable.run(ReflectiveCallable.java:15)
	at org.junit.runners.model.FrameworkMethod.invokeExplosively(FrameworkMethod.java:41)
	at org.junit.internal.runners.statements.InvokeMethod.evaluate(InvokeMethod.java:20)
	at org.junit.internal.runners.statements.RunBefores.evaluate(RunBefores.java:28)
	at org.junit.runners.BlockJUnit4ClassRunner.runNotIgnored(BlockJUnit4ClassRunner.java:79)
	at org.junit.runners.BlockJUnit4ClassRunner.runChild(BlockJUnit4ClassRunner.java:71)
	at org.junit.runners.BlockJUnit4ClassRunner.runChild(BlockJUnit4ClassRunner.java:49)
	at org.junit.runners.ParentRunner$3.run(ParentRunner.java:193)
	at org.junit.runners.ParentRunner$1.schedule(ParentRunner.java:52)
	at org.junit.runners.ParentRunner.runChildren(ParentRunner.java:191)
	at org.junit.runners.ParentRunner.access$000(ParentRunner.java:42)
	at org.junit.runners.ParentRunner$2.evaluate(ParentRunner.java:184)
	at org.junit.runners.ParentRunner.run(ParentRunner.java:236)
	at org.eclipse.jdt.internal.junit4.runner.JUnit4TestReference.run(JUnit4TestReference.java:50)
	at org.eclipse.jdt.internal.junit.runner.TestExecution.run(TestExecution.java:38)
	at org.eclipse.jdt.internal.junit.runner.RemoteTestRunner.runTests(RemoteTestRunner.java:467)
	at org.eclipse.jdt.internal.junit.runner.RemoteTestRunner.runTests(RemoteTestRunner.java:683)
	at org.eclipse.jdt.internal.junit.runner.RemoteTestRunner.run(RemoteTestRunner.java:390)
	at org.eclipse.jdt.internal.junit.runner.RemoteTestRunner.main(RemoteTestRunner.java:197)

</failure>
    </testcase>
  </testsuite>
  <testsuite name="com.visionarysoftwaresolutions.refillable.MinimumStockTests" time="0.01">
    <testcase name="testSetMiniumumStockSingleProduct" classname="com.visionarysoftwaresolutions.refillable.MinimumStockTests" time="0.002"/>
    <testcase name="testSetMinimumStockMulitpleProducts" classname="com.visionarysoftwaresolutions.refillable.MinimumStockTests" time="0.008"/>
  </testsuite>
  <testsuite name="com.visionarysoftwaresolutions.ordering.OrdererTests" time="0.023">
    <testcase name="testCreateOrder" classname="com.visionarysoftwaresolutions.ordering.OrdererTests" time="0.006"/>
    <testcase name="testAddToOrder" classname="com.visionarysoftwaresolutions.ordering.OrdererTests" time="0.01"/>
    <testcase name="testPlaceOrder" classname="com.visionarysoftwaresolutions.ordering.OrdererTests" time="0.007"/>
  </testsuite>
  <testsuite name="com.visionarysoftwaresolutions.refillable.BottleManufacturerTests" time="0.004">
    <testcase name="testFulfillOrder" classname="com.visionarysoftwaresolutions.refillable.BottleManufacturerTests" time="0.004"/>
  </testsuite>
</testrun>
