<?xml version="1.0" encoding="UTF-8" ?>
<testsuite errors="0" failures="0" hostname="ubuntu" name="tddbyexample.MoneyTest" tests="7" time="0.051" timestamp="2012-04-07T08:37:22">
  <properties>
[...]
</properties>
  <testcase classname="tddbyexample.MoneyTest" name="testMultiplication" time="0.0020" />
  <testcase classname="tddbyexample.MoneyTest" name="testEquality" time="0.0" />
  <testcase classname="tddbyexample.MoneyTest" name="testCurrency" time="0.0" />
  <testcase classname="tddbyexample.MoneyTest" name="testSimpleAddition" time="0.0" />
  <testcase classname="tddbyexample.MoneyTest" name="testPlusReturnsSum" time="0.0" />
  <testcase classname="tddbyexample.MoneyTest" name="testReduceSum" time="0.0" />
  <testcase classname="tddbyexample.MoneyTest" name="testReduceMoney" time="0.0" />
  <system-out><![CDATA[]]></system-out>
  <system-err><![CDATA[]]></system-err>
</testsuite>
