<?xml version="1.0" encoding="UTF-8"?><testrun name="CyborgDuckTests" project="Ch1.TDDStyle" tests="6" started="6" failures="0" errors="2" ignored="0">
  <testsuite name="com.visionarysoftwaresolutions.hfdp.ch1.tddstyle.ducks.CyborgDuckTests" time="0.03">
    <testcase name="testInheritedSwim" classname="com.visionarysoftwaresolutions.hfdp.ch1.tddstyle.ducks.CyborgDuckTests" time="0.001"/>
    <testcase name="testDefaultFlyBehavior" classname="com.visionarysoftwaresolutions.hfdp.ch1.tddstyle.ducks.CyborgDuckTests" time="0.0"/>
    <testcase name="testDefaultQuackBehavior" classname="com.visionarysoftwaresolutions.hfdp.ch1.tddstyle.ducks.CyborgDuckTests" time="0.024">
      <error>java.lang.Error: Unresolved compilation problem: 
	Type mismatch: cannot convert from IntimidatingQuack to FlyBehavior

	at com.visionarysoftwaresolutions.hfdp.ch1.tddstyle.ducks.CyborgDuck.performQuack(CyborgDuck.java:32)
	at com.visionarysoftwaresolutions.hfdp.ch1.tddstyle.ducks.DuckTester.quackBehavior(DuckTester.java:18)
	at com.visionarysoftwaresolutions.hfdp.ch1.tddstyle.ducks.CyborgDuckTests.testDefaultQuackBehavior(CyborgDuckTests.java:42)
	at sun.reflect.NativeMethodAccessorImpl.invoke0(Native Method)
	at sun.reflect.NativeMethodAccessorImpl.invoke(NativeMethodAccessorImpl.java:57)
	at sun.reflect.DelegatingMethodAccessorImpl.invoke(DelegatingMethodAccessorImpl.java:43)
	at java.lang.reflect.Method.invoke(Method.java:601)
	at org.junit.runners.model.FrameworkMethod$1.runReflectiveCall(FrameworkMethod.java:44)
	at org.junit.internal.runners.model.ReflectiveCallable.run(ReflectiveCallable.java:15)
	at org.junit.runners.model.FrameworkMethod.invokeExplosively(FrameworkMethod.java:41)
	at org.junit.internal.runners.statements.InvokeMethod.evaluate(InvokeMethod.java:20)
	at org.junit.internal.runners.statements.RunBefores.evaluate(RunBefores.java:28)
	at org.junit.runners.BlockJUnit4ClassRunner.runNotIgnored(BlockJUnit4ClassRunner.java:79)
	at org.junit.runners.BlockJUnit4ClassRunner.runChild(BlockJUnit4ClassRunner.java:71)
	at org.junit.runners.BlockJUnit4ClassRunner.runChild(BlockJUnit4ClassRunner.java:49)
	at org.junit.runners.ParentRunner$3.run(ParentRunner.java:193)
	at org.junit.runners.ParentRunner$1.schedule(ParentRunner.java:52)
	at org.junit.runners.ParentRunner.runChildren(ParentRunner.java:191)
	at org.junit.runners.ParentRunner.access$000(ParentRunner.java:42)
	at org.junit.runners.ParentRunner$2.evaluate(ParentRunner.java:184)
	at org.junit.runners.ParentRunner.run(ParentRunner.java:236)
	at org.eclipse.jdt.internal.junit4.runner.JUnit4TestReference.run(JUnit4TestReference.java:50)
	at org.eclipse.jdt.internal.junit.runner.TestExecution.run(TestExecution.java:38)
	at org.eclipse.jdt.internal.junit.runner.RemoteTestRunner.runTests(RemoteTestRunner.java:467)
	at org.eclipse.jdt.internal.junit.runner.RemoteTestRunner.runTests(RemoteTestRunner.java:683)
	at org.eclipse.jdt.internal.junit.runner.RemoteTestRunner.run(RemoteTestRunner.java:390)
	at org.eclipse.jdt.internal.junit.runner.RemoteTestRunner.main(RemoteTestRunner.java:197)

</error>
    </testcase>
    <testcase name="testCustomFlyBehavior" classname="com.visionarysoftwaresolutions.hfdp.ch1.tddstyle.ducks.CyborgDuckTests" time="0.001"/>
    <testcase name="testCustomQuackBehavior" classname="com.visionarysoftwaresolutions.hfdp.ch1.tddstyle.ducks.CyborgDuckTests" time="0.002">
      <error>java.lang.Error: Unresolved compilation problem: 
	Type mismatch: cannot convert from IntimidatingQuack to FlyBehavior

	at com.visionarysoftwaresolutions.hfdp.ch1.tddstyle.ducks.CyborgDuck.performQuack(CyborgDuck.java:32)
	at com.visionarysoftwaresolutions.hfdp.ch1.tddstyle.ducks.DuckTester.quackBehavior(DuckTester.java:18)
	at com.visionarysoftwaresolutions.hfdp.ch1.tddstyle.ducks.CyborgDuckTests.testCustomQuackBehavior(CyborgDuckTests.java:66)
	at sun.reflect.NativeMethodAccessorImpl.invoke0(Native Method)
	at sun.reflect.NativeMethodAccessorImpl.invoke(NativeMethodAccessorImpl.java:57)
	at sun.reflect.DelegatingMethodAccessorImpl.invoke(DelegatingMethodAccessorImpl.java:43)
	at java.lang.reflect.Method.invoke(Method.java:601)
	at org.junit.runners.model.FrameworkMethod$1.runReflectiveCall(FrameworkMethod.java:44)
	at org.junit.internal.runners.model.ReflectiveCallable.run(ReflectiveCallable.java:15)
	at org.junit.runners.model.FrameworkMethod.invokeExplosively(FrameworkMethod.java:41)
	at org.junit.internal.runners.statements.InvokeMethod.evaluate(InvokeMethod.java:20)
	at org.junit.internal.runners.statements.RunBefores.evaluate(RunBefores.java:28)
	at org.junit.runners.BlockJUnit4ClassRunner.runNotIgnored(BlockJUnit4ClassRunner.java:79)
	at org.junit.runners.BlockJUnit4ClassRunner.runChild(BlockJUnit4ClassRunner.java:71)
	at org.junit.runners.BlockJUnit4ClassRunner.runChild(BlockJUnit4ClassRunner.java:49)
	at org.junit.runners.ParentRunner$3.run(ParentRunner.java:193)
	at org.junit.runners.ParentRunner$1.schedule(ParentRunner.java:52)
	at org.junit.runners.ParentRunner.runChildren(ParentRunner.java:191)
	at org.junit.runners.ParentRunner.access$000(ParentRunner.java:42)
	at org.junit.runners.ParentRunner$2.evaluate(ParentRunner.java:184)
	at org.junit.runners.ParentRunner.run(ParentRunner.java:236)
	at org.eclipse.jdt.internal.junit4.runner.JUnit4TestReference.run(JUnit4TestReference.java:50)
	at org.eclipse.jdt.internal.junit.runner.TestExecution.run(TestExecution.java:38)
	at org.eclipse.jdt.internal.junit.runner.RemoteTestRunner.runTests(RemoteTestRunner.java:467)
	at org.eclipse.jdt.internal.junit.runner.RemoteTestRunner.runTests(RemoteTestRunner.java:683)
	at org.eclipse.jdt.internal.junit.runner.RemoteTestRunner.run(RemoteTestRunner.java:390)
	at org.eclipse.jdt.internal.junit.runner.RemoteTestRunner.main(RemoteTestRunner.java:197)

</error>
    </testcase>
    <testcase name="testCustomDisplayImplementation" classname="com.visionarysoftwaresolutions.hfdp.ch1.tddstyle.ducks.CyborgDuckTests" time="0.001"/>
  </testsuite>
</testrun>
